<?xml version="1.0" encoding="UTF-8"?>
<testsuite errors="0" failures="0" name="Packing List Filtered by Weather" tests="0" time="0.235000">
</testsuite>
